{"logTime": "1019/162816", "correlationVector":"kHnaworeu6CzWYK34p+Bpt.0","action":"FeedSettingFetch_homeCloud", "result":"0", "context":{}}
{"logTime": "1019/162817", "correlationVector":"8cPXLq3fur07xpqUCWhqFx.1","action":"SyncServerConnectionManagerRequest", "result":"SYNC_SERVER_OK", "context":{"environment":"Prod_EastUS2", "server":"GENERAL0100000A"}}
{"logTime": "1019/162819", "correlationVector":"8cPXLq3fur07xpqUCWhqFx.2","action":"AAD.Mip.Unpack", "result":"Success", "context":MIP_CLOUD_COMMERCIAL:Success}
{"logTime": "1019/162819", "correlationVector":"8cPXLq3fur07xpqUCWhqFx.3","action":"AAD.GetKeyResponse", "result":"Success", "context":Keys=4.LastKeyStatus=Normal. 2022-09-27 21:36:54 -03.State=None. Tags: Current_encryption_keys_tag = ZO+/vVBMEUPvv73vv73vv73vv70aaO+/vRE8Gu+/vR7vv71HQG5/77+9PUUaJzF/77+9Uw==, Updated_current_encryption_keys_tag = Empty}
{"logTime": "1019/162819", "correlationVector":"8cPXLq3fur07xpqUCWhqFx","action":"Initial GetUpdates", "result":"", "context":Reason: NEW_CLIENT. cV=8cPXLq3fur07xpqUCWhqFx}
{"logTime": "1019/162819", "correlationVector":"8cPXLq3fur07xpqUCWhqFx.4","action":"GetUpdates Response", "result":"SYNCER_OK", "context":Received 1 update(s). cV=8cPXLq3fur07xpqUCWhqFx.0;server=GENERAL0100000A;cloudType=Multitenant;environment=Prod_EastUS2}
{"logTime": "1019/162825", "correlationVector":"NPCXRMWngJYDI0wwtjf2EA","action":"Initial GetUpdates", "result":"", "context":Reason: NEW_CLIENT. cV=NPCXRMWngJYDI0wwtjf2EA}
{"logTime": "1019/162825", "correlationVector":"NPCXRMWngJYDI0wwtjf2EA.1","action":"SyncServerConnectionManagerRequest", "result":"SYNC_SERVER_OK", "context":{"environment":"Prod_EastUS2", "server":"GENERAL01000025"}}
{"logTime": "1019/162825", "correlationVector":"NPCXRMWngJYDI0wwtjf2EA.2","action":"GetUpdates Response", "result":"SYNCER_OK", "context":Received 2 update(s). cV=NPCXRMWngJYDI0wwtjf2EA.0;server=GENERAL01000025;cloudType=Multitenant;environment=Prod_EastUS2}
{"logTime": "1019/162825", "correlationVector":"wmrYnG7Dz4EBN2JtSiXQpT","action":"Normal GetUpdate request", "result":"", "context":cV=wmrYnG7Dz4EBN2JtSiXQpT
Nudged types: Device Info, User Consents
Refresh requested types: Device Info, User Consents, Send Tab To Self, Encryption Keys}
{"logTime": "1019/162825", "correlationVector":"wmrYnG7Dz4EBN2JtSiXQpT.1","action":"SyncServerConnectionManagerRequest", "result":"SYNC_SERVER_OK", "context":{"environment":"Prod_EastUS2", "server":"GENERAL0100001G"}}
{"logTime": "1019/162825", "correlationVector":"wmrYnG7Dz4EBN2JtSiXQpT.2","action":"GetUpdates Response", "result":"SYNCER_OK", "context":Received 0 update(s). cV=wmrYnG7Dz4EBN2JtSiXQpT.0;server=GENERAL0100001G;cloudType=Multitenant;environment=Prod_EastUS2}
{"logTime": "1019/162825", "correlationVector":"9QPV9xqWIxvbvLoyHjhUij","action":"Commit Request", "result":"", "context":Item count: 1
Contributing types: Device Info}
{"logTime": "1019/162826", "correlationVector":"9QPV9xqWIxvbvLoyHjhUij.1","action":"SyncServerConnectionManagerRequest", "result":"SYNC_SERVER_OK", "context":{"environment":"Prod_EastUS2", "server":"GENERAL0100000Q"}}
{"logTime": "1019/162826", "correlationVector":"9QPV9xqWIxvbvLoyHjhUij.2","action":"Commit Response", "result":"SYNCER_OK", "context":Result: SYNCER_OK. cV=9QPV9xqWIxvbvLoyHjhUij.0;server=GENERAL0100000Q;cloudType=Multitenant;environment=Prod_EastUS2}
{"logTime": "1019/162826", "correlationVector":"tdNnBHXFAWaCgW3Pntf28d","action":"Commit Request", "result":"", "context":Item count: 1
Contributing types: User Consents}
{"logTime": "1019/162826", "correlationVector":"tdNnBHXFAWaCgW3Pntf28d.1","action":"SyncServerConnectionManagerRequest", "result":"SYNC_SERVER_OK", "context":{"environment":"Prod_EastUS2", "server":"GENERAL0100001J"}}
{"logTime": "1019/162826", "correlationVector":"tdNnBHXFAWaCgW3Pntf28d.2","action":"Commit Response", "result":"SYNCER_OK", "context":Result: SYNCER_OK. cV=tdNnBHXFAWaCgW3Pntf28d.0;server=GENERAL0100001J;cloudType=Multitenant;environment=Prod_EastUS2}
